Build started 12/19/2014 9:29:26 PM.
     1>Project "C:\Users\Daniel\Documents\GitHub\Puzzle\Puzzle\Puzzle\Puzzle.vcxproj" on node 2 (Build target(s)).
     1>ClCompile:
         C:\Program Files (x86)\Microsoft Visual Studio 12.0\VC\bin\CL.exe /c /ZI /nologo /W3 /WX- /sdl /Od /Oy- /D WIN32 /D _DEBUG /D _CONSOLE /D _LIB /D _UNICODE /D UNICODE /Gm /EHsc /RTC1 /MDd /GS /fp:precise /Zc:wchar_t /Zc:forScope /Fo"Debug\\" /Fd"Debug\vc120.pdb" /Gd /TP /analyze- /errorReport:prompt main.cpp Puzzle.cpp
         Puzzle.cpp
     1>c:\users\daniel\documents\github\puzzle\puzzle\puzzle\puzzle.cpp(431): warning C4018: '<' : signed/unsigned mismatch
     1>c:\users\daniel\documents\github\puzzle\puzzle\puzzle\puzzle.cpp(452): warning C4018: '<' : signed/unsigned mismatch
     1>c:\users\daniel\documents\github\puzzle\puzzle\puzzle\puzzle.cpp(473): warning C4018: '<' : signed/unsigned mismatch
     1>c:\users\daniel\documents\github\puzzle\puzzle\puzzle\puzzle.cpp(494): warning C4018: '<' : signed/unsigned mismatch
         main.cpp
     1>c:\users\daniel\documents\github\puzzle\puzzle\puzzle\main.cpp(10): warning C4101: 'input' : unreferenced local variable
         Generating Code...
     1>c:\users\daniel\documents\github\puzzle\puzzle\puzzle\puzzle.cpp(352): warning C4715: 'Puzzle::isInOrder' : not all control paths return a value
       Link:
         C:\Program Files (x86)\Microsoft Visual Studio 12.0\VC\bin\link.exe /ERRORREPORT:PROMPT /OUT:"C:\Users\Daniel\Documents\GitHub\Puzzle\Puzzle\Debug\Puzzle.exe" /INCREMENTAL /NOLOGO kernel32.lib user32.lib gdi32.lib winspool.lib comdlg32.lib advapi32.lib shell32.lib ole32.lib oleaut32.lib uuid.lib odbc32.lib odbccp32.lib /MANIFEST /MANIFESTUAC:"level='asInvoker' uiAccess='false'" /manifest:embed /DEBUG /PDB:"C:\Users\Daniel\Documents\GitHub\Puzzle\Puzzle\Debug\Puzzle.pdb" /SUBSYSTEM:CONSOLE /TLBID:1 /DYNAMICBASE /NXCOMPAT /IMPLIB:"C:\Users\Daniel\Documents\GitHub\Puzzle\Puzzle\Debug\Puzzle.lib" /MACHINE:X86 Debug\main.obj
         Debug\Puzzle.obj
         Puzzle.vcxproj -> C:\Users\Daniel\Documents\GitHub\Puzzle\Puzzle\Debug\Puzzle.exe
     1>Done Building Project "C:\Users\Daniel\Documents\GitHub\Puzzle\Puzzle\Puzzle\Puzzle.vcxproj" (Build target(s)).

Build succeeded.

Time Elapsed 00:00:01.99
